12:09:47.833 -> Song Title Mario Underworld Theme
12:09:47.866 -> s 
12:09:47.866 -> PLAY NOTE 233:83
12:09:48.032 -> PLAY NOTE 0:83
12:09:48.032 -> PLAY NOTE 233:83
12:09:48.198 -> PLAY NOTE 0:83
12:09:48.198 -> PLAY NOTE 233:83
12:09:48.397 -> PLAY NOTE 0:83
12:09:48.397 -> PLAY NOTE 450:20
12:09:48.430 -> PLAY NOTE 0:20

////////////////////////////////////////////

12:22:44.575 -> Song Title ⸮⸮⸮⸮⸮⸮⸮⸮⸮⸮⸮⸮⸮⸮⸮⸮⸮⸮⸮⸮⸮⸮
12:22:44.608 -> Song Length is -11099
12:22:44.608 -> PLAY NOTE 450:20
12:22:44.641 -> PLAY NOTE 0:20

////////////////////////////////////////////

////////////////////////////////////////////

14:41:23.227 -> BUTTON PRESSED DOWN
14:41:23.227 -> BUTTON PRESSED DOWN
14:41:23.260 -> BUTTON PRESSED DOWN
14:41:23.260 -> BUTTON PRESSED DOWN
14:41:23.293 -> BUTTON PRESSED DOWN
14:41:23.326 -> BUTTON PRESSED DOWN
14:41:23.326 -> BUTTON PRESSED DOWN
14:41:23.359 -> BUTTON PRESSED DOWN
14:41:23.393 -> BUTTON PRESSED DOWN
14:41:23.393 -> BUTTON PRESSED DOWN
14:41:23.426 -> BUTTON PRESSED DOWN
14:41:23.426 -> BUTTON PRESSED DOWN
14:41:23.459 -> BUTTON RELEASED
14:41:23.492 -> PLAY
14:41:23.492 -> Song Title Mario Underworld Theme
14:41:23.525 -> Song Length is 56
14:41:23.525 -> 
14:41:23.525 -> > INDEX 0
14:41:23.525 -> PLAY NOTE 233:83
14:41:23.691 -> PLAY NOTE 0:83
14:41:23.691 -> 
14:41:23.691 -> > INDEX 1
14:41:23.691 -> PLAY NOTE 233:6
14:41:23.724 -> PLAY NOTE 0:6
14:41:23.724 -> 
14:41:23.724 -> > INDEX 2
14:41:23.757 -> PLAY NOTE 233:0
14:41:23.757 -> PLAY NOTE 0:0
14:41:23.790 -> 
14:41:23.790 -> > INDEX 3
14:41:23.790 -> PLAY NOTE 233:0
14:41:23.790 -> PLAY NOTE 0:0
14:41:23.824 -> 
14:41:23.824 -> > INDEX 4
14:41:23.824 -> PLAY NOTE 233:0
14:41:23.857 -> PLAY NOTE 0:0
14:41:23.857 -> 
14:41:23.857 -> > INDEX 5
14:41:23.857 -> PLAY NOTE 233:0
14:41:23.890 -> PLAY NOTE 0:0
14:41:23.890 -> 
14:41:23.890 -> > INDEX 6
14:41:23.923 -> PLAY NOTE 233:0
14:41:23.923 -> PLAY NOTE 0:0
14:41:23.956 -> 
14:41:23.956 -> > INDEX 7
14:41:23.956 -> PLAY NOTE 233:0
14:41:23.989 -> PLAY NOTE 0:0
14:41:23.989 -> 
14:41:23.989 -> > INDEX 8
14:41:23.989 -> PLAY NOTE 233:0
14:41:24.022 -> PLAY NOTE 0:0
14:41:24.022 -> 
14:41:24.022 -> > INDEX 9
14:41:24.055 -> PLAY NOTE 233:0
14:41:24.055 -> PLAY NOTE 0:0
14:41:24.088 -> 
14:41:24.088 -> > INDEX 10
14:41:24.088 -> PLAY NOTE 233:0
14:41:24.088 -> PLAY NOTE 0:0
14:41:24.122 -> 
14:41:24.122 -> > INDEX 11
14:41:24.122 -> PLAY NOTE 12:0
14:41:24.155 -> PLAY NOTE 0:0
14:41:24.155 -> 
14:41:24.155 -> > INDEX 12
14:41:24.155 -> PLAY NOTE 104:0
14:41:24.188 -> PLAY NOTE 0:0
14:41:24.188 -> 
14:41:24.188 -> > INDEX 13
14:41:24.221 -> PLAY NOTE 104:0
14:41:24.221 -> PLAY NOTE 0:0
14:41:24.254 -> 
14:41:24.254 -> > INDEX 14
14:41:24.254 -> PLAY NOTE 104:0
14:41:24.287 -> PLAY NOTE 0:0
14:41:24.287 -> 
14:41:24.287 -> > INDEX 15
14:41:24.287 -> PLAY NOTE 104:0
14:41:24.320 -> PLAY NOTE 0:0
14:41:24.320 -> 
14:41:24.320 -> > INDEX 16
14:41:24.353 -> PLAY NOTE 104:0
14:41:24.353 -> PLAY NOTE 0:0
14:41:24.386 -> 
14:41:24.386 -> > INDEX 17
14:41:24.386 -> PLAY NOTE 104:0
14:41:24.420 -> PLAY NOTE 0:0
14:41:24.420 -> 
14:41:24.420 -> > INDEX 18
14:41:24.420 -> PLAY NOTE 104:0
14:41:24.453 -> PLAY NOTE 0:0
14:41:24.453 -> 
14:41:24.453 -> > INDEX 19
14:41:24.486 -> PLAY NOTE 104:0
14:41:24.486 -> PLAY NOTE 0:0
14:41:24.519 -> 
14:41:24.519 -> > INDEX 20
14:41:24.519 -> PLAY NOTE 277:0
14:41:24.519 -> PLAY NOTE 0:0
14:41:24.552 -> 
14:41:24.552 -> > INDEX 21
14:41:24.552 -> PLAY NOTE 277:0
14:41:24.585 -> PLAY NOTE 0:0
14:41:24.585 -> 
14:41:24.585 -> > INDEX 22
14:41:24.618 -> PLAY NOTE 277:0
14:41:24.618 -> PLAY NOTE 0:0
14:41:24.651 -> 
14:41:24.651 -> > INDEX 23
14:41:24.651 -> PLAY NOTE 277:0
14:41:24.651 -> PLAY NOTE 0:0
14:41:24.685 -> 
14:41:24.685 -> > INDEX 24
14:41:24.685 -> PLAY NOTE 277:0
14:41:24.718 -> PLAY NOTE 0:0
14:41:24.718 -> 
14:41:24.718 -> > INDEX 25
14:41:24.751 -> PLAY NOTE 277:0
14:41:24.751 -> PLAY NOTE 0:0
14:41:24.751 -> 
14:41:24.784 -> > INDEX 26
14:41:24.784 -> PLAY NOTE 277:0
14:41:24.784 -> PLAY NOTE 0:0
14:41:24.817 -> 
14:41:24.817 -> > INDEX 27
14:41:24.817 -> PLAY NOTE 277:0
14:41:24.850 -> PLAY NOTE 0:0
14:41:24.850 -> 
14:41:24.850 -> > INDEX 28
14:41:24.850 -> PLAY NOTE 277:0
14:41:24.883 -> PLAY NOTE 0:0
14:41:24.883 -> 
14:41:24.883 -> > INDEX 29
14:41:24.916 -> PLAY NOTE 277:0
14:41:24.916 -> PLAY NOTE 0:0
14:41:24.950 -> 
14:41:24.950 -> > INDEX 30
14:41:24.950 -> PLAY NOTE 277:0
14:41:24.983 -> PLAY NOTE 0:0
14:41:24.983 -> 
14:41:24.983 -> > INDEX 31
14:41:24.983 -> PLAY NOTE 277:0
14:41:25.016 -> PLAY NOTE 0:0
14:41:25.016 -> 
14:41:25.016 -> > INDEX 32
14:41:25.049 -> PLAY NOTE 11265:0
14:41:25.049 -> PLAY NOTE 0:0
14:41:25.082 -> 
14:41:25.082 -> > INDEX 33
14:41:25.082 -> PLAY NOTE 5910:0
14:41:25.115 -> PLAY NOTE 0:0
14:41:25.115 -> 
14:41:25.115 -> > INDEX 34
14:41:25.115 -> PLAY NOTE 256:-1
